2019-03-06 11:25:23 -Starting OaManagesApplication on 34V9DM3SB0JGW3N with PID 157152 (started by Administrator in G:\二年\项目\oa-manages)
2019-03-06 11:25:23 -No active profile set, falling back to default profiles: default
2019-03-06 11:25:23 -Devtools property defaults active! Set 'spring.devtools.add-properties' to 'false' to disable
2019-03-06 11:25:23 -For additional web related logging consider setting the 'logging.level.web' property to 'DEBUG'
2019-03-06 11:25:25 -Bean 'shiroConfig' of type [com.qzl.oamanages.shiro.config.ShiroConfig$$EnhancerBySpringCGLIB$$4639b2d4] is not eligible for getting processed by all BeanPostProcessors (for example: not eligible for auto-proxying)
2019-03-06 11:25:25 -Bean 'hashedCredentialsMatcher' of type [org.apache.shiro.authc.credential.HashedCredentialsMatcher] is not eligible for getting processed by all BeanPostProcessors (for example: not eligible for auto-proxying)
2019-03-06 11:25:25 -Bean 'mybatis-org.mybatis.spring.boot.autoconfigure.MybatisProperties' of type [org.mybatis.spring.boot.autoconfigure.MybatisProperties] is not eligible for getting processed by all BeanPostProcessors (for example: not eligible for auto-proxying)
2019-03-06 11:25:25 -Bean 'org.mybatis.spring.boot.autoconfigure.MybatisAutoConfiguration' of type [org.mybatis.spring.boot.autoconfigure.MybatisAutoConfiguration$$EnhancerBySpringCGLIB$$94da1271] is not eligible for getting processed by all BeanPostProcessors (for example: not eligible for auto-proxying)
2019-03-06 11:25:25 -Bean 'org.springframework.boot.autoconfigure.jdbc.DataSourceConfiguration$Hikari' of type [org.springframework.boot.autoconfigure.jdbc.DataSourceConfiguration$Hikari] is not eligible for getting processed by all BeanPostProcessors (for example: not eligible for auto-proxying)
2019-03-06 11:25:25 -Bean 'spring.datasource-org.springframework.boot.autoconfigure.jdbc.DataSourceProperties' of type [org.springframework.boot.autoconfigure.jdbc.DataSourceProperties] is not eligible for getting processed by all BeanPostProcessors (for example: not eligible for auto-proxying)
2019-03-06 11:25:25 -Bean 'dataSource' of type [com.zaxxer.hikari.HikariDataSource] is not eligible for getting processed by all BeanPostProcessors (for example: not eligible for auto-proxying)
2019-03-06 11:25:25 -Bean 'sqlSessionFactory' of type [org.apache.ibatis.session.defaults.DefaultSqlSessionFactory] is not eligible for getting processed by all BeanPostProcessors (for example: not eligible for auto-proxying)
2019-03-06 11:25:25 -Bean 'sqlSessionTemplate' of type [org.mybatis.spring.SqlSessionTemplate] is not eligible for getting processed by all BeanPostProcessors (for example: not eligible for auto-proxying)
2019-03-06 11:25:25 -Bean 'oaUserMapper' of type [org.mybatis.spring.mapper.MapperFactoryBean] is not eligible for getting processed by all BeanPostProcessors (for example: not eligible for auto-proxying)
2019-03-06 11:25:25 -Bean 'oaUserMapper' of type [com.sun.proxy.$Proxy59] is not eligible for getting processed by all BeanPostProcessors (for example: not eligible for auto-proxying)
2019-03-06 11:25:25 -Bean 'oaRoleMapper' of type [org.mybatis.spring.mapper.MapperFactoryBean] is not eligible for getting processed by all BeanPostProcessors (for example: not eligible for auto-proxying)
2019-03-06 11:25:25 -Bean 'oaRoleMapper' of type [com.sun.proxy.$Proxy60] is not eligible for getting processed by all BeanPostProcessors (for example: not eligible for auto-proxying)
2019-03-06 11:25:25 -Bean 'oaRoleServiceImpl' of type [com.qzl.oamanages.shiro.service.serviceImpl.OaRoleServiceImpl] is not eligible for getting processed by all BeanPostProcessors (for example: not eligible for auto-proxying)
2019-03-06 11:25:25 -Bean 'oaUserServiceImpl' of type [com.qzl.oamanages.shiro.service.serviceImpl.OaUserServiceImpl] is not eligible for getting processed by all BeanPostProcessors (for example: not eligible for auto-proxying)
2019-03-06 11:25:25 -Bean 'myShiroRelam' of type [com.qzl.oamanages.shiro.shiroRelam.MyShiroRelam] is not eligible for getting processed by all BeanPostProcessors (for example: not eligible for auto-proxying)
2019-03-06 11:25:26 -Bean 'simpleCookie' of type [org.apache.shiro.web.servlet.SimpleCookie] is not eligible for getting processed by all BeanPostProcessors (for example: not eligible for auto-proxying)
2019-03-06 11:25:26 -Bean 'cookieRememberMeManager' of type [org.apache.shiro.web.mgt.CookieRememberMeManager] is not eligible for getting processed by all BeanPostProcessors (for example: not eligible for auto-proxying)
2019-03-06 11:25:26 -Bean 'securityManager' of type [org.apache.shiro.web.mgt.DefaultWebSecurityManager] is not eligible for getting processed by all BeanPostProcessors (for example: not eligible for auto-proxying)
2019-03-06 11:25:26 -Bean 'methodInvokingFactoryBean' of type [org.springframework.beans.factory.config.MethodInvokingFactoryBean] is not eligible for getting processed by all BeanPostProcessors (for example: not eligible for auto-proxying)
2019-03-06 11:25:26 -Bean 'org.springframework.transaction.annotation.ProxyTransactionManagementConfiguration' of type [org.springframework.transaction.annotation.ProxyTransactionManagementConfiguration$$EnhancerBySpringCGLIB$$6205c141] is not eligible for getting processed by all BeanPostProcessors (for example: not eligible for auto-proxying)
2019-03-06 11:25:26 -Bean 'authorizationAttributeSourceAdvisor' of type [org.apache.shiro.spring.security.interceptor.AuthorizationAttributeSourceAdvisor] is not eligible for getting processed by all BeanPostProcessors (for example: not eligible for auto-proxying)
2019-03-06 11:25:27 -Tomcat initialized with port(s): 8888 (http)
2019-03-06 11:25:27 -Initializing ProtocolHandler ["http-nio-8888"]
2019-03-06 11:25:27 -Starting service [Tomcat]
2019-03-06 11:25:27 -Starting Servlet Engine: Apache Tomcat/9.0.13
2019-03-06 11:25:27 -The APR based Apache Tomcat Native library which allows optimal performance in production environments was not found on the java.library.path: [G:\DevInstall\jdk\Java\jdk1.8.0_112\bin;C:\WINDOWS\Sun\Java\bin;C:\WINDOWS\system32;C:\WINDOWS;C:\WINDOWS\system32;C:\WINDOWS;C:\WINDOWS\System32\Wbem;C:\WINDOWS\System32\WindowsPowerShell\v1.0\;G:\DevInstall\mysql\MySQL Server 5.5\bin;C:\Program Files (x86)\NVIDIA Corporation\PhysX\Common;C:\Program Files\NVIDIA Corporation\NVIDIA NvDLISR;C:\Program Files\Intel\WiFi\bin\;C:\Program Files\Common Files\Intel\WirelessCommon\;C:\Users\Administrator\AppData\Local\Microsoft\WindowsApps;G:\DevInstall\jdk\Java\jdk1.8.0_112\bin;C:\Program Files\Intel\WiFi\bin\;C:\Program Files\Common Files\Intel\WirelessCommon\;G:\DevInstall\apache-maven-3.3.9\bin;;.]
2019-03-06 11:25:27 -Initializing Spring embedded WebApplicationContext
2019-03-06 11:25:27 -Root WebApplicationContext: initialization completed in 4094 ms
2019-03-06 11:25:28 -Initializing ExecutorService 'applicationTaskExecutor'
2019-03-06 11:25:28 -LiveReload server is running on port 35729
2019-03-06 11:25:28 -Starting ProtocolHandler ["http-nio-8888"]
2019-03-06 11:25:28 -Using a shared selector for servlet write/read
2019-03-06 11:25:29 -Tomcat started on port(s): 8888 (http) with context path ''
2019-03-06 11:25:29 -Started OaManagesApplication in 6.116 seconds (JVM running for 7.725)
2019-03-06 11:25:34 -Initializing Spring DispatcherServlet 'dispatcherServlet'
2019-03-06 11:25:34 -Initializing Servlet 'dispatcherServlet'
2019-03-06 11:25:35 -Completed initialization in 30 ms
2019-03-06 11:25:44 -HikariPool-1 - Starting...
2019-03-06 11:25:45 -HikariPool-1 - Start completed.
2019-03-06 11:26:25 -Starting OaManagesApplication on 34V9DM3SB0JGW3N with PID 142872 (started by Administrator in G:\二年\项目\oa-manages)
2019-03-06 11:26:25 -No active profile set, falling back to default profiles: default
2019-03-06 11:26:25 -Devtools property defaults active! Set 'spring.devtools.add-properties' to 'false' to disable
2019-03-06 11:26:25 -For additional web related logging consider setting the 'logging.level.web' property to 'DEBUG'
2019-03-06 11:26:26 -Bean 'shiroConfig' of type [com.qzl.oamanages.shiro.config.ShiroConfig$$EnhancerBySpringCGLIB$$b8687d56] is not eligible for getting processed by all BeanPostProcessors (for example: not eligible for auto-proxying)
2019-03-06 11:26:26 -Bean 'hashedCredentialsMatcher' of type [org.apache.shiro.authc.credential.HashedCredentialsMatcher] is not eligible for getting processed by all BeanPostProcessors (for example: not eligible for auto-proxying)
2019-03-06 11:26:26 -Bean 'mybatis-org.mybatis.spring.boot.autoconfigure.MybatisProperties' of type [org.mybatis.spring.boot.autoconfigure.MybatisProperties] is not eligible for getting processed by all BeanPostProcessors (for example: not eligible for auto-proxying)
2019-03-06 11:26:26 -Bean 'org.mybatis.spring.boot.autoconfigure.MybatisAutoConfiguration' of type [org.mybatis.spring.boot.autoconfigure.MybatisAutoConfiguration$$EnhancerBySpringCGLIB$$708dcf3] is not eligible for getting processed by all BeanPostProcessors (for example: not eligible for auto-proxying)
2019-03-06 11:26:26 -Bean 'org.springframework.boot.autoconfigure.jdbc.DataSourceConfiguration$Hikari' of type [org.springframework.boot.autoconfigure.jdbc.DataSourceConfiguration$Hikari] is not eligible for getting processed by all BeanPostProcessors (for example: not eligible for auto-proxying)
2019-03-06 11:26:26 -Bean 'spring.datasource-org.springframework.boot.autoconfigure.jdbc.DataSourceProperties' of type [org.springframework.boot.autoconfigure.jdbc.DataSourceProperties] is not eligible for getting processed by all BeanPostProcessors (for example: not eligible for auto-proxying)
2019-03-06 11:26:26 -Bean 'dataSource' of type [com.zaxxer.hikari.HikariDataSource] is not eligible for getting processed by all BeanPostProcessors (for example: not eligible for auto-proxying)
2019-03-06 11:26:26 -Bean 'sqlSessionFactory' of type [org.apache.ibatis.session.defaults.DefaultSqlSessionFactory] is not eligible for getting processed by all BeanPostProcessors (for example: not eligible for auto-proxying)
2019-03-06 11:26:26 -Bean 'sqlSessionTemplate' of type [org.mybatis.spring.SqlSessionTemplate] is not eligible for getting processed by all BeanPostProcessors (for example: not eligible for auto-proxying)
2019-03-06 11:26:26 -Bean 'oaUserMapper' of type [org.mybatis.spring.mapper.MapperFactoryBean] is not eligible for getting processed by all BeanPostProcessors (for example: not eligible for auto-proxying)
2019-03-06 11:26:26 -Bean 'oaUserMapper' of type [com.sun.proxy.$Proxy59] is not eligible for getting processed by all BeanPostProcessors (for example: not eligible for auto-proxying)
2019-03-06 11:26:26 -Bean 'oaRoleMapper' of type [org.mybatis.spring.mapper.MapperFactoryBean] is not eligible for getting processed by all BeanPostProcessors (for example: not eligible for auto-proxying)
2019-03-06 11:26:26 -Bean 'oaRoleMapper' of type [com.sun.proxy.$Proxy60] is not eligible for getting processed by all BeanPostProcessors (for example: not eligible for auto-proxying)
2019-03-06 11:26:26 -Bean 'oaRoleServiceImpl' of type [com.qzl.oamanages.shiro.service.serviceImpl.OaRoleServiceImpl] is not eligible for getting processed by all BeanPostProcessors (for example: not eligible for auto-proxying)
2019-03-06 11:26:26 -Bean 'oaUserServiceImpl' of type [com.qzl.oamanages.shiro.service.serviceImpl.OaUserServiceImpl] is not eligible for getting processed by all BeanPostProcessors (for example: not eligible for auto-proxying)
2019-03-06 11:26:26 -Bean 'myShiroRelam' of type [com.qzl.oamanages.shiro.shiroRelam.MyShiroRelam] is not eligible for getting processed by all BeanPostProcessors (for example: not eligible for auto-proxying)
2019-03-06 11:26:27 -Bean 'simpleCookie' of type [org.apache.shiro.web.servlet.SimpleCookie] is not eligible for getting processed by all BeanPostProcessors (for example: not eligible for auto-proxying)
2019-03-06 11:26:27 -Bean 'cookieRememberMeManager' of type [org.apache.shiro.web.mgt.CookieRememberMeManager] is not eligible for getting processed by all BeanPostProcessors (for example: not eligible for auto-proxying)
2019-03-06 11:26:27 -Bean 'securityManager' of type [org.apache.shiro.web.mgt.DefaultWebSecurityManager] is not eligible for getting processed by all BeanPostProcessors (for example: not eligible for auto-proxying)
2019-03-06 11:26:27 -Bean 'methodInvokingFactoryBean' of type [org.springframework.beans.factory.config.MethodInvokingFactoryBean] is not eligible for getting processed by all BeanPostProcessors (for example: not eligible for auto-proxying)
2019-03-06 11:26:27 -Bean 'org.springframework.transaction.annotation.ProxyTransactionManagementConfiguration' of type [org.springframework.transaction.annotation.ProxyTransactionManagementConfiguration$$EnhancerBySpringCGLIB$$d4348bc3] is not eligible for getting processed by all BeanPostProcessors (for example: not eligible for auto-proxying)
2019-03-06 11:26:27 -Bean 'authorizationAttributeSourceAdvisor' of type [org.apache.shiro.spring.security.interceptor.AuthorizationAttributeSourceAdvisor] is not eligible for getting processed by all BeanPostProcessors (for example: not eligible for auto-proxying)
2019-03-06 11:26:27 -Tomcat initialized with port(s): 8888 (http)
2019-03-06 11:26:27 -Initializing ProtocolHandler ["http-nio-8888"]
2019-03-06 11:26:27 -Starting service [Tomcat]
2019-03-06 11:26:27 -Starting Servlet Engine: Apache Tomcat/9.0.13
2019-03-06 11:26:27 -The APR based Apache Tomcat Native library which allows optimal performance in production environments was not found on the java.library.path: [G:\DevInstall\jdk\Java\jdk1.8.0_112\bin;C:\WINDOWS\Sun\Java\bin;C:\WINDOWS\system32;C:\WINDOWS;C:\WINDOWS\system32;C:\WINDOWS;C:\WINDOWS\System32\Wbem;C:\WINDOWS\System32\WindowsPowerShell\v1.0\;G:\DevInstall\mysql\MySQL Server 5.5\bin;C:\Program Files (x86)\NVIDIA Corporation\PhysX\Common;C:\Program Files\NVIDIA Corporation\NVIDIA NvDLISR;C:\Program Files\Intel\WiFi\bin\;C:\Program Files\Common Files\Intel\WirelessCommon\;C:\Users\Administrator\AppData\Local\Microsoft\WindowsApps;G:\DevInstall\jdk\Java\jdk1.8.0_112\bin;C:\Program Files\Intel\WiFi\bin\;C:\Program Files\Common Files\Intel\WirelessCommon\;G:\DevInstall\apache-maven-3.3.9\bin;;.]
2019-03-06 11:26:27 -Initializing Spring embedded WebApplicationContext
2019-03-06 11:26:27 -Root WebApplicationContext: initialization completed in 2712 ms
2019-03-06 11:26:28 -Initializing ExecutorService 'applicationTaskExecutor'
2019-03-06 11:26:28 -LiveReload server is running on port 35729
2019-03-06 11:26:28 -Starting ProtocolHandler ["http-nio-8888"]
2019-03-06 11:26:28 -Using a shared selector for servlet write/read
2019-03-06 11:26:28 -Tomcat started on port(s): 8888 (http) with context path ''
2019-03-06 11:26:28 -Started OaManagesApplication in 4.472 seconds (JVM running for 5.955)
2019-03-06 11:30:35 -Shutting down ExecutorService 'applicationTaskExecutor'
2019-03-06 11:30:36 -Starting OaManagesApplication on 34V9DM3SB0JGW3N with PID 142872 (started by Administrator in G:\二年\项目\oa-manages)
2019-03-06 11:30:36 -No active profile set, falling back to default profiles: default
2019-03-06 11:30:37 -Bean 'shiroConfig' of type [com.qzl.oamanages.shiro.config.ShiroConfig$$EnhancerBySpringCGLIB$$b8687d56] is not eligible for getting processed by all BeanPostProcessors (for example: not eligible for auto-proxying)
2019-03-06 11:30:37 -Bean 'hashedCredentialsMatcher' of type [org.apache.shiro.authc.credential.HashedCredentialsMatcher] is not eligible for getting processed by all BeanPostProcessors (for example: not eligible for auto-proxying)
2019-03-06 11:30:37 -Bean 'mybatis-org.mybatis.spring.boot.autoconfigure.MybatisProperties' of type [org.mybatis.spring.boot.autoconfigure.MybatisProperties] is not eligible for getting processed by all BeanPostProcessors (for example: not eligible for auto-proxying)
2019-03-06 11:30:37 -Bean 'org.mybatis.spring.boot.autoconfigure.MybatisAutoConfiguration' of type [org.mybatis.spring.boot.autoconfigure.MybatisAutoConfiguration$$EnhancerBySpringCGLIB$$708dcf3] is not eligible for getting processed by all BeanPostProcessors (for example: not eligible for auto-proxying)
2019-03-06 11:30:37 -Bean 'org.springframework.boot.autoconfigure.jdbc.DataSourceConfiguration$Hikari' of type [org.springframework.boot.autoconfigure.jdbc.DataSourceConfiguration$Hikari] is not eligible for getting processed by all BeanPostProcessors (for example: not eligible for auto-proxying)
2019-03-06 11:30:37 -Bean 'spring.datasource-org.springframework.boot.autoconfigure.jdbc.DataSourceProperties' of type [org.springframework.boot.autoconfigure.jdbc.DataSourceProperties] is not eligible for getting processed by all BeanPostProcessors (for example: not eligible for auto-proxying)
2019-03-06 11:30:37 -Bean 'dataSource' of type [com.zaxxer.hikari.HikariDataSource] is not eligible for getting processed by all BeanPostProcessors (for example: not eligible for auto-proxying)
2019-03-06 11:30:37 -Bean 'sqlSessionFactory' of type [org.apache.ibatis.session.defaults.DefaultSqlSessionFactory] is not eligible for getting processed by all BeanPostProcessors (for example: not eligible for auto-proxying)
2019-03-06 11:30:37 -Bean 'sqlSessionTemplate' of type [org.mybatis.spring.SqlSessionTemplate] is not eligible for getting processed by all BeanPostProcessors (for example: not eligible for auto-proxying)
2019-03-06 11:30:37 -Bean 'oaUserMapper' of type [org.mybatis.spring.mapper.MapperFactoryBean] is not eligible for getting processed by all BeanPostProcessors (for example: not eligible for auto-proxying)
2019-03-06 11:30:37 -Bean 'oaUserMapper' of type [com.sun.proxy.$Proxy87] is not eligible for getting processed by all BeanPostProcessors (for example: not eligible for auto-proxying)
2019-03-06 11:30:37 -Bean 'oaRoleMapper' of type [org.mybatis.spring.mapper.MapperFactoryBean] is not eligible for getting processed by all BeanPostProcessors (for example: not eligible for auto-proxying)
2019-03-06 11:30:37 -Bean 'oaRoleMapper' of type [com.sun.proxy.$Proxy88] is not eligible for getting processed by all BeanPostProcessors (for example: not eligible for auto-proxying)
2019-03-06 11:30:37 -Bean 'oaRoleServiceImpl' of type [com.qzl.oamanages.shiro.service.serviceImpl.OaRoleServiceImpl] is not eligible for getting processed by all BeanPostProcessors (for example: not eligible for auto-proxying)
2019-03-06 11:30:37 -Bean 'oaUserServiceImpl' of type [com.qzl.oamanages.shiro.service.serviceImpl.OaUserServiceImpl] is not eligible for getting processed by all BeanPostProcessors (for example: not eligible for auto-proxying)
2019-03-06 11:30:37 -Bean 'myShiroRelam' of type [com.qzl.oamanages.shiro.shiroRelam.MyShiroRelam] is not eligible for getting processed by all BeanPostProcessors (for example: not eligible for auto-proxying)
2019-03-06 11:30:37 -Bean 'simpleCookie' of type [org.apache.shiro.web.servlet.SimpleCookie] is not eligible for getting processed by all BeanPostProcessors (for example: not eligible for auto-proxying)
2019-03-06 11:30:37 -Bean 'cookieRememberMeManager' of type [org.apache.shiro.web.mgt.CookieRememberMeManager] is not eligible for getting processed by all BeanPostProcessors (for example: not eligible for auto-proxying)
2019-03-06 11:30:37 -Bean 'securityManager' of type [org.apache.shiro.web.mgt.DefaultWebSecurityManager] is not eligible for getting processed by all BeanPostProcessors (for example: not eligible for auto-proxying)
2019-03-06 11:30:37 -Bean 'methodInvokingFactoryBean' of type [org.springframework.beans.factory.config.MethodInvokingFactoryBean] is not eligible for getting processed by all BeanPostProcessors (for example: not eligible for auto-proxying)
2019-03-06 11:30:37 -Bean 'org.springframework.transaction.annotation.ProxyTransactionManagementConfiguration' of type [org.springframework.transaction.annotation.ProxyTransactionManagementConfiguration$$EnhancerBySpringCGLIB$$d4348bc3] is not eligible for getting processed by all BeanPostProcessors (for example: not eligible for auto-proxying)
2019-03-06 11:30:37 -Bean 'authorizationAttributeSourceAdvisor' of type [org.apache.shiro.spring.security.interceptor.AuthorizationAttributeSourceAdvisor] is not eligible for getting processed by all BeanPostProcessors (for example: not eligible for auto-proxying)
2019-03-06 11:30:37 -Tomcat initialized with port(s): 8888 (http)
2019-03-06 11:30:37 -Initializing ProtocolHandler ["http-nio-8888"]
2019-03-06 11:30:37 -Starting service [Tomcat]
2019-03-06 11:30:37 -Starting Servlet Engine: Apache Tomcat/9.0.13
2019-03-06 11:30:37 -Initializing Spring embedded WebApplicationContext
2019-03-06 11:30:37 -Root WebApplicationContext: initialization completed in 977 ms
2019-03-06 11:30:37 -Initializing ExecutorService 'applicationTaskExecutor'
2019-03-06 11:30:38 -LiveReload server is running on port 35729
2019-03-06 11:30:38 -Starting ProtocolHandler ["http-nio-8888"]
2019-03-06 11:30:38 -Using a shared selector for servlet write/read
2019-03-06 11:30:38 -Tomcat started on port(s): 8888 (http) with context path ''
2019-03-06 11:30:38 -Started OaManagesApplication in 1.738 seconds (JVM running for 255.513)
2019-03-06 11:30:38 -Condition evaluation unchanged
2019-03-06 11:30:44 -Initializing Spring DispatcherServlet 'dispatcherServlet'
2019-03-06 11:30:44 -Initializing Servlet 'dispatcherServlet'
2019-03-06 11:30:44 -Completed initialization in 12 ms
2019-03-06 11:30:52 -HikariPool-1 - Starting...
2019-03-06 11:30:52 -HikariPool-1 - Start completed.
